2024.01.26 20:11:17 INFO  Started: Metals version 1.2.0 in folders 'D:\Scala Files\hello-world' for client Visual Studio Code 1.85.2.
2024.01.26 20:11:18 WARN  Build server is not auto-connectable.
2024.01.26 20:11:22 INFO  running 'C:\Program Files\Java\jdk-11\bin\java.exe -Djline.terminal=jline.UnsupportedTerminal -Dsbt.log.noformat=true -Dfile.encoding=UTF-8 -jar C:\Users\DISHAS~1\AppData\Local\Temp\metals14108362768732254992\sbt-launch.jar -Dbloop.export-jar-classifiers=sources bloopInstall'
2024.01.26 20:11:23 ERROR [info] [launcher] getting org.scala-sbt sbt 1.9.7  (this may take some time)...
2024.01.26 20:11:39 WARN  no build target for: D:\Scala Files\hello-world\build.sbt
2024.01.26 20:11:51 INFO  no build target found for D:\Scala Files\hello-world\build.sbt. Using presentation compiler with project's scala-library version: 3.3.1
2024.01.26 20:11:54 WARN  Could not find semantic tokens for: file:///D:/Scala%20Files/hello-world/build.sbt
2024.01.26 20:11:54 INFO  time: code lens generation in 14s
2024.01.26 20:11:54 WARN  Could not find semantic tokens for: file:///D:/Scala%20Files/hello-world/build.sbt
2024.01.26 20:11:59 ERROR [info] [launcher] getting Scala 2.12.18 (for sbt)...
2024.01.26 20:12:03 INFO  [info] welcome to sbt 1.9.7 (Oracle Corporation Java 11.0.20)
2024.01.26 20:12:07 INFO  [info] loading settings for project hello-world-build-build from metals.sbt ...
2024.01.26 20:12:09 INFO  [info] loading project definition from D:\Scala Files\hello-world\project\project
2024.01.26 20:12:16 INFO  [info] loading settings for project hello-world-build from metals.sbt ...
2024.01.26 20:12:16 INFO  [info] loading project definition from D:\Scala Files\hello-world\project
2024.01.26 20:12:28 INFO  [success] Generated .bloop\hello-world-build.json
2024.01.26 20:12:28 INFO  [success] Total time: 12 s, completed Jan 26, 2024, 8:12:29 PM
2024.01.26 20:12:32 INFO  [info] loading settings for project hello-world from build.sbt ...
2024.01.26 20:12:32 INFO  [info] set current project to hello-world (in build file:/D:/Scala%20Files/hello-world/)
2024.01.26 20:12:36 INFO  [success] Generated .bloop\hello-world.json
2024.01.26 20:12:36 INFO  [success] Generated .bloop\hello-world-test.json
2024.01.26 20:12:36 INFO  [success] Total time: 3 s, completed Jan 26, 2024, 8:12:36 PM
2024.01.26 20:12:36 INFO  time: ran 'sbt bloopInstall' in 1m13s
2024.01.26 20:12:36 INFO  Attempting to connect to the build server...
2024.01.26 20:12:36 INFO  Setting up current java home C:\Program Files\Java\jdk-11 in C:\Users\Disha Singh\.bloop\bloop.json
2024.01.26 20:13:04 INFO  tracing is disabled for protocol BSP, to enable tracing of incoming and outgoing JSON messages create an empty file at D:\Scala Files\hello-world\.metals\bsp.trace.json or C:\Users\Disha Singh\AppData\Local\scalameta\metals\cache\bsp.trace.json
2024.01.26 20:13:18 INFO  Attempting to connect to the build server...
2024.01.26 20:13:18 INFO  Bloop uses C:\Program Files\Java\jdk-11 defined at C:\Users\Disha Singh\.bloop\bloop.json
2024.01.26 20:13:18 INFO  tracing is disabled for protocol BSP, to enable tracing of incoming and outgoing JSON messages create an empty file at D:\Scala Files\hello-world\project\.metals\bsp.trace.json or C:\Users\Disha Singh\AppData\Local\scalameta\metals\cache\bsp.trace.json
2024.01.26 20:13:37 INFO  time: Connected to build server in 1m
2024.01.26 20:13:37 INFO  Connected to Build server: Bloop v1.5.13
2024.01.26 20:13:37 INFO  time: Imported build in 0.29s
2024.01.26 20:13:55 INFO  time: indexed workspace in 18s
2024.01.26 20:17:26 INFO  running 'C:\Program Files\Java\jdk-11\bin\java.exe -Djline.terminal=jline.UnsupportedTerminal -Dsbt.log.noformat=true -Dfile.encoding=UTF-8 -jar C:\Users\DISHAS~1\AppData\Local\Temp\metals6686418979057279554\sbt-launch.jar -Dbloop.export-jar-classifiers=sources bloopInstall'
2024.01.26 20:17:28 INFO  Disconnecting from Bloop session...
2024.01.26 20:17:28 INFO  Shut down connection with build server.
2024.01.26 20:17:28 INFO  Shut down connection with build server.
2024.01.26 20:17:28 INFO  Attempting to connect to the build server...
2024.01.26 20:17:28 INFO  Bloop uses C:\Program Files\Java\jdk-11 defined at C:\Users\Disha Singh\.bloop\bloop.json
2024.01.26 20:17:28 INFO  tracing is disabled for protocol BSP, to enable tracing of incoming and outgoing JSON messages create an empty file at D:\Scala Files\hello-world\.metals\bsp.trace.json or C:\Users\Disha Singh\AppData\Local\scalameta\metals\cache\bsp.trace.json
2024.01.26 20:17:28 INFO  Attempting to connect to the build server...
2024.01.26 20:17:28 INFO  Bloop uses C:\Program Files\Java\jdk-11 defined at C:\Users\Disha Singh\.bloop\bloop.json
2024.01.26 20:17:28 INFO  tracing is disabled for protocol BSP, to enable tracing of incoming and outgoing JSON messages create an empty file at D:\Scala Files\hello-world\project\.metals\bsp.trace.json or C:\Users\Disha Singh\AppData\Local\scalameta\metals\cache\bsp.trace.json
2024.01.26 20:17:28 INFO  time: Connected to build server in 0.18s
2024.01.26 20:17:28 INFO  Connected to Build server: Bloop v1.5.13
2024.01.26 20:17:28 INFO  time: Imported build in 0.12s
2024.01.26 20:17:29 INFO  [info] welcome to sbt 1.9.7 (Oracle Corporation Java 11.0.20)
2024.01.26 20:17:31 INFO  [info] loading settings for project hello-world-build-build from metals.sbt ...
2024.01.26 20:17:32 INFO  [info] loading project definition from D:\Scala Files\hello-world\project\project
2024.01.26 20:17:32 INFO  time: indexed workspace in 3.33s
2024.01.26 20:17:33 INFO  [info] loading settings for project hello-world-build from metals.sbt ...
2024.01.26 20:17:33 INFO  [info] loading project definition from D:\Scala Files\hello-world\project
2024.01.26 20:17:38 INFO  [success] Generated .bloop\hello-world-build.json
2024.01.26 20:17:38 INFO  [success] Total time: 4 s, completed Jan 26, 2024, 8:17:38 PM
2024.01.26 20:17:38 INFO  [info] loading settings for project hello-world from build.sbt ...
2024.01.26 20:17:38 INFO  [info] set current project to hello-world (in build file:/D:/Scala%20Files/hello-world/)
2024.01.26 20:17:39 INFO  [success] Generated .bloop\hello-world.json
2024.01.26 20:17:39 INFO  [success] Generated .bloop\hello-world-test.json
2024.01.26 20:17:39 INFO  [success] Total time: 0 s, completed Jan 26, 2024, 8:17:39 PM
2024.01.26 20:17:39 INFO  time: ran 'sbt bloopInstall' in 13s
2024.01.26 20:17:39 INFO  Disconnecting from Bloop session...
2024.01.26 20:17:39 INFO  Shut down connection with build server.
2024.01.26 20:17:39 INFO  Shut down connection with build server.
2024.01.26 20:17:39 INFO  Attempting to connect to the build server...
2024.01.26 20:17:39 INFO  Bloop uses C:\Program Files\Java\jdk-11 defined at C:\Users\Disha Singh\.bloop\bloop.json
2024.01.26 20:17:39 INFO  tracing is disabled for protocol BSP, to enable tracing of incoming and outgoing JSON messages create an empty file at D:\Scala Files\hello-world\.metals\bsp.trace.json or C:\Users\Disha Singh\AppData\Local\scalameta\metals\cache\bsp.trace.json
2024.01.26 20:17:39 INFO  Attempting to connect to the build server...
2024.01.26 20:17:39 INFO  Bloop uses C:\Program Files\Java\jdk-11 defined at C:\Users\Disha Singh\.bloop\bloop.json
2024.01.26 20:17:39 INFO  tracing is disabled for protocol BSP, to enable tracing of incoming and outgoing JSON messages create an empty file at D:\Scala Files\hello-world\project\.metals\bsp.trace.json or C:\Users\Disha Singh\AppData\Local\scalameta\metals\cache\bsp.trace.json
2024.01.26 20:17:39 INFO  time: Connected to build server in 0.18s
2024.01.26 20:17:39 INFO  Connected to Build server: Bloop v1.5.13
2024.01.26 20:17:42 INFO  time: indexed workspace in 2.79s
2024.01.26 20:18:59 WARN  no build target for: D:\Scala Files\prac01.scala
2024.01.26 20:18:59 WARN  no build target for: D:\Scala Files\prac01.scala
2024.01.26 20:20:25 WARN  no build target for: D:\Scala Files\hello-world\firstprac.scala
2024.01.26 20:20:25 WARN  no build target for: D:\Scala Files\hello-world\firstprac.scala
2024.01.26 20:20:25 INFO  skipping build import with status 'Installed'
2024.01.26 20:21:25 INFO  time: code lens generation in 2.05s
2024.01.26 20:22:18 INFO  running 'C:\Program Files\Java\jdk-11\bin\java.exe -Djline.terminal=jline.UnsupportedTerminal -Dsbt.log.noformat=true -Dfile.encoding=UTF-8 -jar C:\Users\DISHAS~1\AppData\Local\Temp\metals12785275810928511065\sbt-launch.jar -Dbloop.export-jar-classifiers=sources bloopInstall'
2024.01.26 20:22:21 INFO  [info] welcome to sbt 1.9.7 (Oracle Corporation Java 11.0.20)
2024.01.26 20:22:22 INFO  [info] loading settings for project hello-world-build-build from metals.sbt ...
2024.01.26 20:22:23 INFO  [info] loading project definition from D:\Scala Files\hello-world\project\project
2024.01.26 20:22:24 INFO  [info] loading settings for project hello-world-build from metals.sbt ...
2024.01.26 20:22:24 INFO  [info] loading project definition from D:\Scala Files\hello-world\project
2024.01.26 20:22:28 INFO  [success] Generated .bloop\hello-world-build.json
2024.01.26 20:22:28 INFO  [success] Total time: 3 s, completed Jan 26, 2024, 8:22:28 PM
2024.01.26 20:22:28 INFO  [info] loading settings for project hello-world from build.sbt ...
2024.01.26 20:22:28 INFO  [info] set current project to hello-world (in build file:/D:/Scala%20Files/hello-world/)
2024.01.26 20:22:29 INFO  [success] Generated .bloop\hello-world.json
2024.01.26 20:22:29 INFO  [success] Generated .bloop\hello-world-test.json
2024.01.26 20:22:29 INFO  [success] Total time: 0 s, completed Jan 26, 2024, 8:22:29 PM
2024.01.26 20:22:29 INFO  time: ran 'sbt bloopInstall' in 11s
2024.01.26 20:22:29 INFO  Disconnecting from Bloop session...
2024.01.26 20:22:29 INFO  Shut down connection with build server.
2024.01.26 20:22:29 INFO  Shut down connection with build server.
2024.01.26 20:22:29 INFO  Attempting to connect to the build server...
2024.01.26 20:22:29 INFO  Bloop uses C:\Program Files\Java\jdk-11 defined at C:\Users\Disha Singh\.bloop\bloop.json
2024.01.26 20:22:29 INFO  tracing is disabled for protocol BSP, to enable tracing of incoming and outgoing JSON messages create an empty file at D:\Scala Files\hello-world\.metals\bsp.trace.json or C:\Users\Disha Singh\AppData\Local\scalameta\metals\cache\bsp.trace.json
2024.01.26 20:22:29 INFO  Attempting to connect to the build server...
2024.01.26 20:22:29 INFO  Bloop uses C:\Program Files\Java\jdk-11 defined at C:\Users\Disha Singh\.bloop\bloop.json
2024.01.26 20:22:29 INFO  tracing is disabled for protocol BSP, to enable tracing of incoming and outgoing JSON messages create an empty file at D:\Scala Files\hello-world\project\.metals\bsp.trace.json or C:\Users\Disha Singh\AppData\Local\scalameta\metals\cache\bsp.trace.json
2024.01.26 20:22:29 INFO  time: Connected to build server in 0.16s
2024.01.26 20:22:29 INFO  Connected to Build server: Bloop v1.5.13
2024.01.26 20:22:32 INFO  time: indexed workspace in 2.59s
2024.01.26 20:22:33 INFO  compiling hello-world (2 scala sources)
2024.01.26 20:22:41 WARN  1 deprecation (since 2.13.0); re-run with -deprecation for details
2024.01.26 20:22:41 INFO  compiling hello-world-test (1 scala source)
2024.01.26 20:22:41 INFO  time: compiled hello-world in 8.45s
2024.01.26 20:22:41 WARN  1 deprecation (since 2.13.0); re-run with -deprecation for details
2024.01.26 20:22:41 INFO  time: compiled hello-world-test in 0.5s
2024.01.26 20:26:07 INFO  
2024.01.26 20:26:07 INFO  Template applied in D:\Scala Files\.\hello-world45
2024.01.26 20:26:07 INFO  
2024.01.26 20:26:07 INFO  time: ran 'giter8.Giter8' in 6.82s
2024.01.26 20:27:09 INFO  running 'C:\Program Files\Java\jdk-11\bin\java.exe -Djline.terminal=jline.UnsupportedTerminal -Dsbt.log.noformat=true -Dfile.encoding=UTF-8 -jar C:\Users\DISHAS~1\AppData\Local\Temp\metals13210746305197139207\sbt-launch.jar -Dbloop.export-jar-classifiers=sources bloopInstall'
2024.01.26 20:27:12 INFO  [info] welcome to sbt 1.9.7 (Oracle Corporation Java 11.0.20)
2024.01.26 20:27:14 INFO  [info] loading settings for project hello-world-build-build from metals.sbt ...
2024.01.26 20:27:15 INFO  [info] loading project definition from D:\Scala Files\hello-world\project\project
2024.01.26 20:27:16 INFO  [info] loading settings for project hello-world-build from metals.sbt ...
2024.01.26 20:27:16 INFO  [info] loading project definition from D:\Scala Files\hello-world\project
2024.01.26 20:27:20 INFO  [success] Generated .bloop\hello-world-build.json
2024.01.26 20:27:20 INFO  [success] Total time: 4 s, completed Jan 26, 2024, 8:27:20 PM
2024.01.26 20:27:20 INFO  [info] loading settings for project hello-world from build.sbt ...
2024.01.26 20:27:20 INFO  [info] set current project to hello-world (in build file:/D:/Scala%20Files/hello-world/)
2024.01.26 20:27:21 INFO  [success] Generated .bloop\hello-world-test.json
2024.01.26 20:27:21 INFO  [success] Generated .bloop\hello-world.json
2024.01.26 20:27:21 INFO  [success] Total time: 0 s, completed Jan 26, 2024, 8:27:21 PM
2024.01.26 20:27:21 INFO  time: ran 'sbt bloopInstall' in 12s
2024.01.26 20:27:21 INFO  Disconnecting from Bloop session...
2024.01.26 20:27:21 INFO  Shut down connection with build server.
2024.01.26 20:27:21 INFO  Shut down connection with build server.
2024.01.26 20:27:21 INFO  Attempting to connect to the build server...
2024.01.26 20:27:21 INFO  Bloop uses C:\Program Files\Java\jdk-11 defined at C:\Users\Disha Singh\.bloop\bloop.json
2024.01.26 20:27:21 INFO  tracing is disabled for protocol BSP, to enable tracing of incoming and outgoing JSON messages create an empty file at D:\Scala Files\hello-world\.metals\bsp.trace.json or C:\Users\Disha Singh\AppData\Local\scalameta\metals\cache\bsp.trace.json
2024.01.26 20:27:21 INFO  Attempting to connect to the build server...
2024.01.26 20:27:21 INFO  Bloop uses C:\Program Files\Java\jdk-11 defined at C:\Users\Disha Singh\.bloop\bloop.json
2024.01.26 20:27:21 INFO  tracing is disabled for protocol BSP, to enable tracing of incoming and outgoing JSON messages create an empty file at D:\Scala Files\hello-world\project\.metals\bsp.trace.json or C:\Users\Disha Singh\AppData\Local\scalameta\metals\cache\bsp.trace.json
2024.01.26 20:27:21 INFO  time: Connected to build server in 0.16s
2024.01.26 20:27:21 INFO  Connected to Build server: Bloop v1.5.13
2024.01.26 20:27:24 INFO  time: indexed workspace in 2.86s
2024.01.26 20:27:27 INFO  
2024.01.26 20:27:27 INFO  Template applied in D:\Scala Files\.\hello-world67
2024.01.26 20:27:27 INFO  
2024.01.26 20:27:27 INFO  time: ran 'giter8.Giter8' in 5.07s
2024.01.26 20:34:46 INFO  Shutting down server
2024.01.26 20:34:46 INFO  shutting down Metals
2024.01.26 20:34:46 INFO  Shut down connection with build server.
2024.01.26 20:34:46 INFO  Shut down connection with build server.
2024.01.26 20:34:46 INFO  Exiting server
2024.01.26 20:35:10 INFO  Started: Metals version 1.2.0 in folders 'D:\Scala Files\hello-world' for client Visual Studio Code 1.85.2.
2024.01.26 20:35:13 INFO  Attempting to connect to the build server...
2024.01.26 20:35:13 INFO  skipping build import with status 'Installed'
2024.01.26 20:35:13 INFO  Bloop uses C:\Program Files\Java\jdk-11 defined at C:\Users\Disha Singh\.bloop\bloop.json
2024.01.26 20:35:13 INFO  tracing is disabled for protocol BSP, to enable tracing of incoming and outgoing JSON messages create an empty file at D:\Scala Files\hello-world\.metals\bsp.trace.json or C:\Users\Disha Singh\AppData\Local\scalameta\metals\cache\bsp.trace.json
2024.01.26 20:35:13 INFO  Attempting to connect to the build server...
2024.01.26 20:35:13 INFO  Bloop uses C:\Program Files\Java\jdk-11 defined at C:\Users\Disha Singh\.bloop\bloop.json
2024.01.26 20:35:13 INFO  tracing is disabled for protocol BSP, to enable tracing of incoming and outgoing JSON messages create an empty file at D:\Scala Files\hello-world\project\.metals\bsp.trace.json or C:\Users\Disha Singh\AppData\Local\scalameta\metals\cache\bsp.trace.json
2024.01.26 20:35:13 INFO  time: Connected to build server in 0.73s
2024.01.26 20:35:13 INFO  Connected to Build server: Bloop v1.5.13
2024.01.26 20:35:13 INFO  time: Imported build in 0.25s
2024.01.26 20:35:18 INFO  no build target found for D:\Scala Files\hello-world\firstprac.scala. Using presentation compiler with project's scala-library version: 3.3.1
2024.01.26 20:35:23 INFO  time: indexed workspace in 4.4s
2024.01.26 20:36:55 INFO  Shutting down server
2024.01.26 20:36:55 INFO  shutting down Metals
2024.01.26 20:36:55 INFO  Shut down connection with build server.
2024.01.26 20:36:55 INFO  Shut down connection with build server.
2024.01.26 20:36:55 INFO  Exiting server
2024.01.26 20:37:38 INFO  Started: Metals version 1.2.0 in folders 'D:\Scala Files\hello-world' for client Visual Studio Code 1.85.2.
2024.01.26 20:37:40 INFO  Attempting to connect to the build server...
2024.01.26 20:37:40 INFO  skipping build import with status 'Installed'
2024.01.26 20:37:40 INFO  Bloop uses C:\Program Files\Java\jdk-11 defined at C:\Users\Disha Singh\.bloop\bloop.json
2024.01.26 20:37:40 INFO  tracing is disabled for protocol BSP, to enable tracing of incoming and outgoing JSON messages create an empty file at D:\Scala Files\hello-world\.metals\bsp.trace.json or C:\Users\Disha Singh\AppData\Local\scalameta\metals\cache\bsp.trace.json
2024.01.26 20:37:40 INFO  Attempting to connect to the build server...
2024.01.26 20:37:40 INFO  Bloop uses C:\Program Files\Java\jdk-11 defined at C:\Users\Disha Singh\.bloop\bloop.json
2024.01.26 20:37:40 INFO  tracing is disabled for protocol BSP, to enable tracing of incoming and outgoing JSON messages create an empty file at D:\Scala Files\hello-world\project\.metals\bsp.trace.json or C:\Users\Disha Singh\AppData\Local\scalameta\metals\cache\bsp.trace.json
2024.01.26 20:37:40 INFO  time: Connected to build server in 0.42s
2024.01.26 20:37:40 INFO  Connected to Build server: Bloop v1.5.13
2024.01.26 20:37:40 INFO  time: Imported build in 0.11s
2024.01.26 20:37:46 INFO  no build target found for D:\Scala Files\hello-world\firstprac.scala. Using presentation compiler with project's scala-library version: 3.3.1
2024.01.26 20:37:51 INFO  time: indexed workspace in 4.58s
2024.01.26 20:37:58 INFO  time: code lens generation in 7.45s
2024.01.26 20:38:12 INFO  Shutting down server
2024.01.26 20:38:12 INFO  shutting down Metals
2024.01.26 20:38:12 INFO  Shut down connection with build server.
2024.01.26 20:38:12 INFO  Shut down connection with build server.
2024.01.26 20:38:12 INFO  Exiting server
2024.01.26 20:39:18 INFO  Started: Metals version 1.2.0 in folders 'D:\Scala Files\hello-world' for client Visual Studio Code 1.85.2.
2024.01.26 20:39:19 INFO  Attempting to connect to the build server...
2024.01.26 20:39:19 INFO  Bloop uses C:\Program Files\Java\jdk-11 defined at C:\Users\Disha Singh\.bloop\bloop.json
2024.01.26 20:39:19 INFO  skipping build import with status 'Installed'
2024.01.26 20:39:19 INFO  tracing is disabled for protocol BSP, to enable tracing of incoming and outgoing JSON messages create an empty file at D:\Scala Files\hello-world\.metals\bsp.trace.json or C:\Users\Disha Singh\AppData\Local\scalameta\metals\cache\bsp.trace.json
2024.01.26 20:39:19 INFO  Attempting to connect to the build server...
2024.01.26 20:39:19 INFO  Bloop uses C:\Program Files\Java\jdk-11 defined at C:\Users\Disha Singh\.bloop\bloop.json
2024.01.26 20:39:19 INFO  tracing is disabled for protocol BSP, to enable tracing of incoming and outgoing JSON messages create an empty file at D:\Scala Files\hello-world\project\.metals\bsp.trace.json or C:\Users\Disha Singh\AppData\Local\scalameta\metals\cache\bsp.trace.json
2024.01.26 20:39:19 INFO  time: Connected to build server in 0.48s
2024.01.26 20:39:19 INFO  Connected to Build server: Bloop v1.5.13
2024.01.26 20:39:20 INFO  time: Imported build in 0.12s
2024.01.26 20:39:27 INFO  time: indexed workspace in 7.03s
2024.01.26 20:39:48 INFO  Shutting down server
2024.01.26 20:39:48 INFO  shutting down Metals
2024.01.26 20:39:48 INFO  Shut down connection with build server.
2024.01.26 20:39:48 INFO  Shut down connection with build server.
2024.01.26 20:39:48 INFO  Exiting server
2024.01.26 20:42:01 INFO  Started: Metals version 1.2.0 in folders 'D:\Scala Files\hello-world' for client Visual Studio Code 1.85.2.
2024.01.26 20:42:02 INFO  Attempting to connect to the build server...
2024.01.26 20:42:02 INFO  skipping build import with status 'Installed'
2024.01.26 20:42:02 INFO  Bloop uses C:\Program Files\Java\jdk-11 defined at C:\Users\Disha Singh\.bloop\bloop.json
2024.01.26 20:42:02 INFO  tracing is disabled for protocol BSP, to enable tracing of incoming and outgoing JSON messages create an empty file at D:\Scala Files\hello-world\.metals\bsp.trace.json or C:\Users\Disha Singh\AppData\Local\scalameta\metals\cache\bsp.trace.json
2024.01.26 20:42:02 INFO  Attempting to connect to the build server...
2024.01.26 20:42:02 INFO  Bloop uses C:\Program Files\Java\jdk-11 defined at C:\Users\Disha Singh\.bloop\bloop.json
2024.01.26 20:42:02 INFO  tracing is disabled for protocol BSP, to enable tracing of incoming and outgoing JSON messages create an empty file at D:\Scala Files\hello-world\project\.metals\bsp.trace.json or C:\Users\Disha Singh\AppData\Local\scalameta\metals\cache\bsp.trace.json
2024.01.26 20:42:02 INFO  time: Connected to build server in 0.4s
2024.01.26 20:42:02 INFO  Connected to Build server: Bloop v1.5.13
2024.01.26 20:42:02 INFO  time: Imported build in 0.1s
2024.01.26 20:42:07 INFO  no build target found for D:\Scala Files\hello-world\build.sbt. Using presentation compiler with project's scala-library version: 3.3.1
2024.01.26 20:42:12 INFO  time: indexed workspace in 4.48s
2024.01.26 20:42:21 INFO  time: code lens generation in 1.91s
2024.01.26 20:42:21 INFO  time: code lens generation in 4.95s
2024.01.26 20:42:21 INFO  time: code lens generation in 5.38s
2024.01.26 20:42:21 INFO  time: code lens generation in 5.38s
2024.01.26 20:50:10 INFO  Shutting down server
2024.01.26 20:50:10 INFO  shutting down Metals
2024.01.26 20:50:10 INFO  Shut down connection with build server.
2024.01.26 20:50:10 INFO  Shut down connection with build server.
2024.01.26 20:50:10 INFO  Exiting server
2024.01.31 14:45:14 INFO  Started: Metals version 1.2.0 in folders 'D:\Scala Files\hello-world' for client Visual Studio Code 1.85.2.
2024.01.31 14:45:16 INFO  Attempting to connect to the build server...
2024.01.31 14:45:16 INFO  Bloop uses C:\Program Files\Java\jdk-11 defined at C:\Users\Disha Singh\.bloop\bloop.json
2024.01.31 14:45:16 INFO  skipping build import with status 'Installed'
2024.01.31 14:45:22 INFO  tracing is disabled for protocol BSP, to enable tracing of incoming and outgoing JSON messages create an empty file at D:\Scala Files\hello-world\.metals\bsp.trace.json or C:\Users\Disha Singh\AppData\Local\scalameta\metals\cache\bsp.trace.json
2024.01.31 14:45:22 INFO  Attempting to connect to the build server...
2024.01.31 14:45:22 INFO  Bloop uses C:\Program Files\Java\jdk-11 defined at C:\Users\Disha Singh\.bloop\bloop.json
2024.01.31 14:45:22 INFO  tracing is disabled for protocol BSP, to enable tracing of incoming and outgoing JSON messages create an empty file at D:\Scala Files\hello-world\project\.metals\bsp.trace.json or C:\Users\Disha Singh\AppData\Local\scalameta\metals\cache\bsp.trace.json
2024.01.31 14:45:22 INFO  time: Connected to build server in 7.75s
2024.01.31 14:45:22 INFO  Connected to Build server: Bloop v1.5.13
2024.01.31 14:45:24 INFO  time: Imported build in 0.31s
2024.01.31 14:45:25 INFO  no build target found for D:\Scala Files\hello-world\first.scala. Using presentation compiler with project's scala-library version: 3.3.1
2024.01.31 14:45:28 INFO  no build target found for D:\Scala Files\hello-world\first.scala. Using presentation compiler with project's scala-library version: 2.13.12
Exception in thread "pool-4-thread-1" java.lang.InterruptedException
	at scala.meta.internal.metals.FutureCancelToken.checkCanceled(FutureCancelToken.scala:29)
	at scala.meta.internal.pc.CompilerAccess.$anonfun$onCompilerJobQueue$1(CompilerAccess.scala:230)
	at scala.meta.internal.pc.CompilerJobQueue$Job.run(CompilerJobQueue.scala:152)
	at java.base/java.util.concurrent.ThreadPoolExecutor.runWorker(ThreadPoolExecutor.java:1128)
	at java.base/java.util.concurrent.ThreadPoolExecutor$Worker.run(ThreadPoolExecutor.java:628)
	at java.base/java.lang.Thread.run(Thread.java:834)
2024.01.31 14:45:30 INFO  time: indexed workspace in 4.78s
2024.01.31 14:45:30 WARN  no build target for: D:\Scala Files\hello-world\first.scala
2024.01.31 14:45:30 WARN  no build target for: D:\Scala Files\hello-world\first.scala
2024.01.31 14:45:30 WARN  no build target for: D:\Scala Files\hello-world\first.scala
2024.01.31 14:45:33 INFO  time: code lens generation in 1.65s
2024.01.31 14:45:35 INFO  time: code lens generation in 4.73s
2024.01.31 14:45:35 INFO  time: code lens generation in 4.73s
2024.01.31 14:45:35 INFO  time: code lens generation in 4.73s
2024.01.31 14:45:35 INFO  time: code lens generation in 4.73s
Jan 31, 2024 2:45:39 PM scala.meta.internal.pc.CompilerAccess handleError
SEVERE: A severe compiler error occurred, full details of the error can be found in the error report D:\Scala Files\hello-world\.metals\.reports\metals-full\2024-01-31\r_compiler-error_14-45-39-670.md
Jan 31, 2024 2:45:40 PM scala.meta.internal.pc.CompilerAccess handleError
SEVERE: A severe compiler error occurred, full details of the error can be found in the error report D:\Scala Files\hello-world\.metals\.reports\metals-full\2024-01-31\r_compiler-error_14-45-40-965.md
Jan 31, 2024 2:45:43 PM scala.meta.internal.pc.CompilerAccess handleError
SEVERE: A severe compiler error occurred, full details of the error can be found in the error report D:\Scala Files\hello-world\.metals\.reports\metals-full\2024-01-31\r_compiler-error_14-45-43-548.md
2024.01.31 14:45:44 WARN  no build target for: D:\Scala Files\hello-world\first.scala
2024.01.31 14:45:44 INFO  skipping build import with status 'Installed'
Jan 31, 2024 2:45:44 PM scala.meta.internal.pc.CompilerAccess handleError
SEVERE: A severe compiler error occurred, full details of the error can be found in the error report D:\Scala Files\hello-world\.metals\.reports\metals-full\2024-01-31\r_compiler-error_14-45-44-806.md
Jan 31, 2024 2:45:47 PM scala.meta.internal.pc.CompilerAccess handleError
SEVERE: A severe compiler error occurred, full details of the error can be found in the error report D:\Scala Files\hello-world\.metals\.reports\metals-full\2024-01-31\r_compiler-error_14-45-47-833.md
Jan 31, 2024 2:45:51 PM scala.meta.internal.pc.CompilerAccess handleError
SEVERE: A severe compiler error occurred, full details of the error can be found in the error report D:\Scala Files\hello-world\.metals\.reports\metals-full\2024-01-31\r_compiler-error_14-45-51-983.md
Jan 31, 2024 2:45:52 PM scala.meta.internal.pc.CompilerAccess handleError
SEVERE: A severe compiler error occurred, full details of the error can be found in the error report D:\Scala Files\hello-world\.metals\.reports\metals-full\2024-01-31\r_compiler-error_14-45-52-830.md
Jan 31, 2024 2:45:53 PM scala.meta.internal.pc.CompilerAccess handleError
SEVERE: A severe compiler error occurred, full details of the error can be found in the error report D:\Scala Files\hello-world\.metals\.reports\metals-full\2024-01-31\r_compiler-error_14-45-53-488.md
Jan 31, 2024 2:45:54 PM scala.meta.internal.pc.CompilerAccess handleError
SEVERE: A severe compiler error occurred, full details of the error can be found in the error report D:\Scala Files\hello-world\.metals\.reports\metals-full\2024-01-31\r_compiler-error_14-45-54-227.md
2024.01.31 14:45:56 INFO  skipping build import with status 'Installed'
2024.01.31 14:45:56 WARN  no build target for: D:\Scala Files\hello-world\first.scala
2024.01.31 14:47:42 WARN  no build target for: D:\Scala Files\hello-world\first.scala
2024.01.31 14:47:42 INFO  skipping build import with status 'Installed'
2024.01.31 14:48:15 INFO  skipping build import with status 'Installed'
2024.01.31 14:48:15 WARN  no build target for: D:\Scala Files\hello-world\first.scala
Jan 31, 2024 2:48:40 PM scala.meta.internal.pc.CompilerAccess handleError
SEVERE: A severe compiler error occurred, full details of the error can be found in the error report D:\Scala Files\hello-world\.metals\.reports\metals-full\2024-01-31\r_compiler-error_14-48-40-337.md
Jan 31, 2024 2:48:40 PM scala.meta.internal.pc.CompilerAccess handleError
SEVERE: A severe compiler error occurred, full details of the error can be found in the error report D:\Scala Files\hello-world\.metals\.reports\metals-full\2024-01-31\r_compiler-error_14-48-40-806.md
2024.01.31 14:48:56 INFO  skipping build import with status 'Installed'
2024.01.31 14:48:56 WARN  no build target for: D:\Scala Files\hello-world\first.scala
2024.01.31 14:48:57 INFO  Shutting down server
2024.01.31 14:48:57 INFO  shutting down Metals
2024.01.31 14:48:57 INFO  Shut down connection with build server.
2024.01.31 14:48:57 INFO  Shut down connection with build server.
2024.01.31 14:48:57 INFO  Exiting server
2024.02.01 11:07:32 INFO  Started: Metals version 1.2.0 in folders 'D:\Scala Files\hello-world' for client Visual Studio Code 1.85.2.
2024.02.01 11:07:34 INFO  Attempting to connect to the build server...
2024.02.01 11:07:34 INFO  skipping build import with status 'Installed'
2024.02.01 11:07:34 INFO  Bloop uses C:\Program Files\Java\jdk-11 defined at C:\Users\Disha Singh\.bloop\bloop.json
2024.02.01 11:07:38 INFO  tracing is disabled for protocol BSP, to enable tracing of incoming and outgoing JSON messages create an empty file at D:\Scala Files\hello-world\.metals\bsp.trace.json or C:\Users\Disha Singh\AppData\Local\scalameta\metals\cache\bsp.trace.json
2024.02.01 11:07:39 INFO  no build target found for D:\Scala Files\hello-world\first.scala. Using presentation compiler with project's scala-library version: 3.3.1
2024.02.01 11:07:38 INFO  Attempting to connect to the build server...
2024.02.01 11:07:38 INFO  Bloop uses C:\Program Files\Java\jdk-11 defined at C:\Users\Disha Singh\.bloop\bloop.json
2024.02.01 11:07:38 INFO  tracing is disabled for protocol BSP, to enable tracing of incoming and outgoing JSON messages create an empty file at D:\Scala Files\hello-world\project\.metals\bsp.trace.json or C:\Users\Disha Singh\AppData\Local\scalameta\metals\cache\bsp.trace.json
2024.02.01 11:07:38 INFO  time: Connected to build server in 4.81s
2024.02.01 11:07:38 INFO  Connected to Build server: Bloop v1.5.13
2024.02.01 11:07:39 INFO  time: Imported build in 0.17s
2024.02.01 11:07:41 INFO  time: indexed workspace in 1.85s
2024.02.01 11:07:41 WARN  no build target for: D:\Scala Files\hello-world\first.scala
2024.02.01 11:07:41 WARN  no build target for: D:\Scala Files\hello-world\first.scala
2024.02.01 11:07:44 INFO  time: code lens generation in 2.74s
2024.02.01 11:07:44 INFO  time: code lens generation in 3.14s
2024.02.01 11:08:37 INFO  Shutting down server
2024.02.01 11:08:37 INFO  shutting down Metals
2024.02.01 11:08:37 INFO  Shut down connection with build server.
2024.02.01 11:08:37 INFO  Shut down connection with build server.
2024.02.01 11:08:37 INFO  Exiting server
